Case 1:
1361
3307
1430
1477
3327
1809
677
-59
1094
263
2173
1394
1
1744
3202
455
3182
232
248
198
321
1338
3775
4478
1027
1821
40
56
194
111
1618
5242
4123
302
118
3201
Case 2:
2633
1242
3020
603
424
1797
74
777
3
973
394
785
138
669
1172
1402
748
722
954
1583
516
2835
1998
2196
3613
1290
1136
223
3818
135
984
764
479
4840
220
220
1201
2028
391
180
763
Case 3:
3151
615
1649
55
2943
-27
709
315
3726
982
30
612
12
2465
2589
1440
1895
335
927
3753
386
5524
2011
125
-1
728
3579
Case 4:
1013
136
2369
942
425
2389
85
4336
606
438
232
588
118
763
1401
327
738
652
826
1514
2014
2420
779
1497
960
1302
239
67
713
1186
3107
194
54
2293
1783
179
41
1511
1310
2536
753
1089
2499
1622
Case 5:
1257
654
816
461
2495
269
1256
2181
2454
1920
357
593
2816
146
839
934
514
1471
213
2757
1320
448
2367
2331
436
1067
2705
1907
3573
2414
-11
2581
384
557
Case 6:
61
652
3176
3945
2281
1234
1543
3322
3
175
2541
2376
4396
1360
2250
1551
408
102
1866
2458
185
1451
1248
2815
997
2500
3329
111
150
2436
Case 7:
121
386
2059
82
3987
950
307
3854
1800
131
2139
1577
337
443
1500
1756
1086
740
711
3192
2595
3638
3805
2767
883
609
176
1063
984
1056
921
1039
3867
4381
631
Case 8:
578
2741
2156
71
3665
1148
921
2043
129
435
33
986
3806
4583
2686
3329
3080
4894
81
1164
69
3055
155
640
2115
3987
86
95
158
Case 9:
3323
44
1805
1755
871
1029
2783
2907
1367
887
263
2905
76
1841
720
575
854
197
1073
482
2803
-47
1163
70
1132
1107
1939
226
2319
2135
1754
1111
670
3200
906
2875
634
928
Case 10:
71
135
1184
927
49
1339
2719
234
117
3150
863
612
384
2767
340
96
1178
612
378
1490
2349
815
451
1661
1180
1733
435
665
433
977
2815
