2207350723125035
19632515271251
9984361701191
23002413509275
17344391
35563471
23804701
28791613
30052851
34502247
29798311
33490552
29934376
28024772
25211848
23550468
29195728
24193747
29563004
31431601
24149953
12367775
20154403
25629332
28566377
28968771
4694849
51295065
25890934
23235726
4525781
25169614
11311707
27371505
27446045
20078018
27522714
23032072
39316078
29354279
27975106
23614644
27391288
27993115
29340449
18589845
36421393
41111194
25827676
26474471
26077047
29560102
32520812
27700383
